Removed Member From Class: ClassName=doan1 Member=MQ1
Change Component Designator: OldDesignator=D1 NewDesignator=D2
Change Component Designator: OldDesignator=D2 NewDesignator=D1
Added Component: Designator=P2(HDR/Header/4/2mm)
Add component (AddParameter): Name = "BRAND"; Value = ""; VariantName = "[No Variations]"
Add component (AddParameter): Name = "PACKAGE"; Value = ""; VariantName = "[No Variations]"
Add component (AddParameter): Name = "PART NO"; Value = ""; VariantName = "[No Variations]"
Add component (AddParameter): Name = "STOCK CODE"; Value = ""; VariantName = "[No Variations]"
Add component (AddParameter): Name = "SUPPLIER"; Value = ""; VariantName = "[No Variations]"
Add component (AddParameter): Name = "TYPE"; Value = ""; VariantName = "[No Variations]"
Added Component: Designator=P3(HDR/Header/3/2mm)
Add component (AddParameter): Name = "BRAND"; Value = ""; VariantName = "[No Variations]"
Add component (AddParameter): Name = "PACKAGE"; Value = ""; VariantName = "[No Variations]"
Add component (AddParameter): Name = "PART NO"; Value = ""; VariantName = "[No Variations]"
Add component (AddParameter): Name = "STOCK CODE"; Value = ""; VariantName = "[No Variations]"
Add component (AddParameter): Name = "SUPPLIER"; Value = ""; VariantName = "[No Variations]"
Add component (AddParameter): Name = "TYPE"; Value = ""; VariantName = "[No Variations]"
Added Pin To Net: NetName=GND Pin=BZ1-2
Added Pin To Net: NetName=+5 Pin=ESP1-15
Added Pin To Net: NetName=+5 Pin=P2-1
Added Pin To Net: NetName=MQ Pin=P2-3
Added Pin To Net: NetName=GND Pin=P2-4
Added Pin To Net: NetName=+5 Pin=P3-1
Added Pin To Net: NetName=GND Pin=P3-3
Added Pin To Net: NetName=3V3 Pin=S1-1
Added Pin To Net: NetName=DHT Pin=S1-2
Added Pin To Net: NetName=GND Pin=S1-4
Added Pin To Net: NetName=GND Pin=U2-1
Added Pin To Net: NetName=3V3 Pin=U2-2
Added Pin To Net: NetName=SCL Pin=U2-3
Added Pin To Net: NetName=SDA Pin=U2-4
Change Net Name : Old Net Name=NetD2_1 New Net Name=NetD1_1
Added Pin To Net: NetName=BUZ Pin=BZ1-1
Added Pin To Net: NetName=BUZ Pin=ESP1-23
Added Net: Name=BUZ
Added Pin To Net: NetName=PIR Pin=ESP1-20
Added Pin To Net: NetName=PIR Pin=P3-2
Added Net: Name=PIR
Added Member To Class: ClassName=doan1 Member=Component P2 Header 4
Added Member To Class: ClassName=doan1 Member=Component P3 Header 3
Added Member To Class: ClassName=doan1 Member=Component U1 78xx
Added Member To Class: ClassName=doan1 Member=Component U2 DM-OLED096-636
