Added Pin To Net: NetName=+5 Pin=BZ1-1
Added Pin To Net: NetName=+5 Pin=C3-1
Added Pin To Net: NetName=+5 Pin=C4-1
Added Pin To Net: NetName=+5 Pin=D3-2
Added Pin To Net: NetName=+5 Pin=ESP1-15
Added Pin To Net: NetName=+5 Pin=MQ2-1
Added Pin To Net: NetName=+5 Pin=P1-1
Added Pin To Net: NetName=+5 Pin=PIR Senor-1
Added Pin To Net: NetName=+5 Pin=R1-2
Added Pin To Net: NetName=+5 Pin=R3-1
Added Pin To Net: NetName=+5 Pin=RL1-5
Added Pin To Net: NetName=+5 Pin=U1-3
Added Net: Name=+5
Added Pin To Net: NetName=+12 Pin=CON1-1
Added Pin To Net: NetName=+12 Pin=D1-1
Added Pin To Net: NetName=+12 Pin=FAN-1
Added Net: Name=+12
Added Pin To Net: NetName=3V3 Pin=1-2
Added Pin To Net: NetName=3V3 Pin=DHT11-1
Added Pin To Net: NetName=3V3 Pin=ESP1-16
Added Net: Name=3V3
Added Pin To Net: NetName=BUZ Pin=ESP1-9
Added Pin To Net: NetName=BUZ Pin=R2-1
Added Net: Name=BUZ
Added Pin To Net: NetName=DHT Pin=DHT11-2
Added Pin To Net: NetName=DHT Pin=ESP1-23
Added Net: Name=DHT
Added Pin To Net: NetName=FAN Pin=ESP1-30
Added Pin To Net: NetName=FAN Pin=R4-1
Added Net: Name=FAN
Added Pin To Net: NetName=GND Pin=1-1
Added Pin To Net: NetName=GND Pin=C1-2
Added Pin To Net: NetName=GND Pin=C2-2
Added Pin To Net: NetName=GND Pin=C3-2
Added Pin To Net: NetName=GND Pin=C4-2
Added Pin To Net: NetName=GND Pin=CON1-2
Added Pin To Net: NetName=GND Pin=D2-2
Added Pin To Net: NetName=GND Pin=DHT11-3
Added Pin To Net: NetName=GND Pin=ESP1-14
Added Pin To Net: NetName=GND Pin=ESP1-17
Added Pin To Net: NetName=GND Pin=MQ2-2
Added Pin To Net: NetName=GND Pin=P1-2
Added Pin To Net: NetName=GND Pin=PIR Senor-3
Added Pin To Net: NetName=GND Pin=Q1-3
Added Pin To Net: NetName=GND Pin=Q2-3
Added Pin To Net: NetName=GND Pin=RL1-1
Added Pin To Net: NetName=GND Pin=U1-2
Added Net: Name=GND
Added Pin To Net: NetName=MQ Pin=ESP1-6
Added Pin To Net: NetName=MQ Pin=MQ2-4
Added Net: Name=MQ
Added Pin To Net: NetName=NetBZ1_2 Pin=BZ1-2
Added Pin To Net: NetName=NetBZ1_2 Pin=Q1-1
Added Net: Name=NetBZ1_2
Added Pin To Net: NetName=NetC1_1 Pin=C1-1
Added Pin To Net: NetName=NetC1_1 Pin=C2-1
Added Pin To Net: NetName=NetC1_1 Pin=D1-2
Added Pin To Net: NetName=NetC1_1 Pin=U1-1
Added Net: Name=NetC1_1
Added Pin To Net: NetName=NetD3_1 Pin=D3-1
Added Pin To Net: NetName=NetD3_1 Pin=D4-2
Added Pin To Net: NetName=NetD3_1 Pin=Q2-1
Added Pin To Net: NetName=NetD3_1 Pin=RL1-4
Added Net: Name=NetD3_1
Added Pin To Net: NetName=NetD4_1 Pin=D4-1
Added Pin To Net: NetName=NetD4_1 Pin=R3-2
Added Net: Name=NetD4_1
Added Pin To Net: NetName=NetFAN_2 Pin=FAN-2
Added Pin To Net: NetName=NetFAN_2 Pin=RL1-3
Added Net: Name=NetFAN_2
Added Pin To Net: NetName=NetQ1_2 Pin=Q1-2
Added Pin To Net: NetName=NetQ1_2 Pin=R2-2
Added Net: Name=NetQ1_2
Added Pin To Net: NetName=NetQ2_2 Pin=Q2-2
Added Pin To Net: NetName=NetQ2_2 Pin=R4-2
Added Net: Name=NetQ2_2
Added Pin To Net: NetName=PIR Pin=ESP1-8
Added Pin To Net: NetName=PIR Pin=PIR Senor-2
Added Net: Name=PIR
Added Pin To Net: NetName=SCL Pin=1-3
Added Pin To Net: NetName=SCL Pin=ESP1-29
Added Net: Name=SCL
Added Pin To Net: NetName=SDA Pin=1-4
Added Pin To Net: NetName=SDA Pin=ESP1-26
Added Net: Name=SDA
Added Class: Name=doan1
